[debug] [2020-09-28T09:48:31.733Z] ----------------------------------------------------------------------
[debug] [2020-09-28T09:48:31.735Z] Command:       /usr/bin/node /usr/local/bin/firebase deploy
[debug] [2020-09-28T09:48:31.736Z] CLI Version:   8.10.0
[debug] [2020-09-28T09:48:31.736Z] Platform:      linux
[debug] [2020-09-28T09:48:31.736Z] Node Version:  v10.19.0
[debug] [2020-09-28T09:48:31.736Z] Time:          Mon Sep 28 2020 15:18:31 GMT+0530 (India Standard Time)
[debug] [2020-09-28T09:48:31.736Z] ----------------------------------------------------------------------
[debug] [2020-09-28T09:48:31.736Z] 
[debug] [2020-09-28T09:48:31.747Z] > command requires scopes: ["email","openid","https://www.googleapis.com/auth/cloudplatformprojects.readonly","https://www.googleapis.com/auth/firebase","https://www.googleapis.com/auth/cloud-platform"]
[debug] [2020-09-28T09:48:31.747Z] > authorizing via signed-in user
[debug] [2020-09-28T09:48:31.748Z] [iam] checking project icpe2021 for permissions ["firebase.projects.get","firebasehosting.sites.update"]
[debug] [2020-09-28T09:48:31.750Z] >>> HTTP REQUEST POST https://cloudresourcemanager.googleapis.com/v1/projects/icpe2021:testIamPermissions  
 {"permissions":["firebase.projects.get","firebasehosting.sites.update"]}
[debug] [2020-09-28T09:48:33.384Z] <<< HTTP RESPONSE 200 {"content-type":"application/json; charset=UTF-8","vary":"X-Origin, Referer, Origin,Accept-Encoding","date":"Mon, 28 Sep 2020 09:48:33 GMT","server":"ESF","cache-control":"private","x-xss-protection":"0","x-frame-options":"SAMEORIGIN","x-content-type-options":"nosniff","server-timing":"gfet4t7; dur=1366","alt-svc":"h3-Q050=\":443\"; ma=2592000,h3-29=\":443\"; ma=2592000,h3-27=\":443\"; ma=2592000,h3-T051=\":443\"; ma=2592000,h3-T050=\":443\"; ma=2592000,h3-Q046=\":443\"; ma=2592000,h3-Q043=\":443\"; ma=2592000,quic=\":443\"; ma=2592000; v=\"46,43\"","accept-ranges":"none","transfer-encoding":"chunked"}
[debug] [2020-09-28T09:48:33.388Z] >>> HTTP REQUEST GET https://firebase.googleapis.com/v1beta1/projects/icpe2021  
 
[debug] [2020-09-28T09:48:33.866Z] <<< HTTP RESPONSE 200 {"content-type":"application/json; charset=UTF-8","vary":"X-Origin, Referer, Origin,Accept-Encoding","date":"Mon, 28 Sep 2020 09:48:33 GMT","server":"ESF","cache-control":"private","x-xss-protection":"0","x-frame-options":"SAMEORIGIN","x-content-type-options":"nosniff","alt-svc":"h3-Q050=\":443\"; ma=2592000,h3-29=\":443\"; ma=2592000,h3-27=\":443\"; ma=2592000,h3-T051=\":443\"; ma=2592000,h3-T050=\":443\"; ma=2592000,h3-Q046=\":443\"; ma=2592000,h3-Q043=\":443\"; ma=2592000,quic=\":443\"; ma=2592000; v=\"46,43\"","accept-ranges":"none","transfer-encoding":"chunked"}
[info] 
[info] === Deploying to 'icpe2021'...
[info] 
[info] i  deploying hosting 
[debug] [2020-09-28T09:48:33.874Z] >>> HTTP REQUEST POST https://firebasehosting.googleapis.com/v1beta1/sites/icpe2021/versions  
 {"config":{"rewrites":[{"glob":"**","path":"/index.html"}]},"labels":{"deployment-tool":"cli-firebase"}}
[debug] [2020-09-28T09:48:36.332Z] <<< HTTP RESPONSE 200 {"content-type":"application/json; charset=UTF-8","vary":"X-Origin, Referer, Origin,Accept-Encoding","date":"Mon, 28 Sep 2020 09:48:36 GMT","server":"ESF","cache-control":"private","x-xss-protection":"0","x-frame-options":"SAMEORIGIN","x-content-type-options":"nosniff","alt-svc":"h3-Q050=\":443\"; ma=2592000,h3-29=\":443\"; ma=2592000,h3-27=\":443\"; ma=2592000,h3-T051=\":443\"; ma=2592000,h3-T050=\":443\"; ma=2592000,h3-Q046=\":443\"; ma=2592000,h3-Q043=\":443\"; ma=2592000,quic=\":443\"; ma=2592000; v=\"46,43\"","accept-ranges":"none","transfer-encoding":"chunked"}
[info] i  hosting[icpe2021]: beginning deploy... 
[info] i  hosting[icpe2021]: found 22 files in build 
[debug] [2020-09-28T09:48:36.778Z] [hosting] hash cache [YnVpbGQ] stored for 22 files
[debug] [2020-09-28T09:48:36.780Z] [hosting][hash queue][FINAL] {"max":390,"min":51,"avg":126.5,"active":0,"complete":22,"success":22,"errored":0,"retried":0,"total":22,"elapsed":407}
[debug] [2020-09-28T09:48:36.780Z] >>> HTTP REQUEST POST https://firebasehosting.googleapis.com/v1beta1/sites/icpe2021/versions/319164b853eaf273:populateFiles  
 <request body omitted>
[debug] [2020-09-28T09:48:38.628Z] <<< HTTP RESPONSE 200 {"content-type":"application/json; charset=UTF-8","vary":"X-Origin, Referer, Origin,Accept-Encoding","date":"Mon, 28 Sep 2020 09:48:38 GMT","server":"ESF","cache-control":"private","x-xss-protection":"0","x-frame-options":"SAMEORIGIN","x-content-type-options":"nosniff","alt-svc":"h3-Q050=\":443\"; ma=2592000,h3-29=\":443\"; ma=2592000,h3-27=\":443\"; ma=2592000,h3-T051=\":443\"; ma=2592000,h3-T050=\":443\"; ma=2592000,h3-Q046=\":443\"; ma=2592000,h3-Q043=\":443\"; ma=2592000,quic=\":443\"; ma=2592000; v=\"46,43\"","accept-ranges":"none","transfer-encoding":"chunked"}
[debug] [2020-09-28T09:48:38.641Z] [hosting][populate queue][FINAL] {"max":1858,"min":1858,"avg":1858,"active":0,"complete":1,"success":1,"errored":0,"retried":0,"total":1,"elapsed":1866}
[debug] [2020-09-28T09:48:38.642Z] [hosting] uploads queued: 10
[debug] [2020-09-28T09:48:40.960Z] [hosting][upload queue][FINAL] {"max":2327,"min":1764,"avg":1939.7,"active":0,"complete":10,"success":10,"errored":0,"retried":0,"total":10,"elapsed":2328}
[info] ✔  hosting[icpe2021]: file upload complete 
[debug] [2020-09-28T09:48:40.962Z] [hosting] deploy completed after 4628ms
[debug] [2020-09-28T09:48:40.966Z] [
  {
    "config": {
      "public": "build",
      "ignore": [
        "firebase.json",
        "**/.*",
        "**/node_modules/**"
      ],
      "rewrites": [
        {
          "source": "**",
          "destination": "/index.html"
        }
      ],
      "site": "icpe2021"
    },
    "site": "icpe2021",
    "version": "sites/icpe2021/versions/319164b853eaf273"
  }
]
[info] i  hosting[icpe2021]: finalizing version... 
[debug] [2020-09-28T09:48:40.968Z] >>> HTTP REQUEST PATCH https://firebasehosting.googleapis.com/v1beta1/sites/icpe2021/versions/319164b853eaf273?updateMask=status  
 {"status":"FINALIZED"}
[debug] [2020-09-28T09:48:42.855Z] <<< HTTP RESPONSE 200 {"content-type":"application/json; charset=UTF-8","vary":"X-Origin, Referer, Origin,Accept-Encoding","date":"Mon, 28 Sep 2020 09:48:42 GMT","server":"ESF","cache-control":"private","x-xss-protection":"0","x-frame-options":"SAMEORIGIN","x-content-type-options":"nosniff","alt-svc":"h3-Q050=\":443\"; ma=2592000,h3-29=\":443\"; ma=2592000,h3-27=\":443\"; ma=2592000,h3-T051=\":443\"; ma=2592000,h3-T050=\":443\"; ma=2592000,h3-Q046=\":443\"; ma=2592000,h3-Q043=\":443\"; ma=2592000,quic=\":443\"; ma=2592000; v=\"46,43\"","accept-ranges":"none","transfer-encoding":"chunked"}
[debug] [2020-09-28T09:48:42.855Z] [hosting] finalized version for icpe2021: {"name":"sites/icpe2021/versions/319164b853eaf273","status":"FINALIZED","config":{"rewrites":[{"glob":"**","path":"/index.html"}]},"labels":{"deployment-tool":"cli-firebase"},"createTime":"2020-09-28T09:48:35.762006Z","createUser":{"email":"karunam_11710157@nitkkr.ac.in"},"finalizeTime":"2020-09-28T09:48:42.705138Z","finalizeUser":{"email":"karunam_11710157@nitkkr.ac.in"}}
[info] ✔  hosting[icpe2021]: version finalized 
[info] i  hosting[icpe2021]: releasing new version... 
[debug] [2020-09-28T09:48:42.857Z] >>> HTTP REQUEST POST https://firebasehosting.googleapis.com/v1beta1/sites/icpe2021/releases?version_name=sites/icpe2021/versions/319164b853eaf273  
 {"message":null}
